<?xml version="1.0" encoding="UTF-8"?>
<testsuite xmlns:xsi="http://www.w3.org/2001/XMLSchema-instance" xsi:noNamespaceSchemaLocation="https://maven.apache.org/surefire/maven-surefire-plugin/xsd/surefire-test-report-3.0.xsd" version="3.0" name="TestSuite" time="23.606" tests="9" errors="0" skipped="5" failures="4">
  <properties>
[...]
</properties>
  <testcase name="createTaskTest" classname="com.zoho.suite.testcases.creation.CreateTaskTest" time="13.11">
    <failure message="invalid session id&#10;Build info: version: &apos;4.0.0-alpha-5&apos;, revision: &apos;b3a0d621cc&apos;&#10;System info: host: &apos;DESKTOP-V123S32&apos;, ip: &apos;192.168.1.3&apos;, os.name: &apos;Windows 10&apos;, os.arch: &apos;amd64&apos;, os.version: &apos;10.0&apos;, java.version: &apos;1.8.0_241&apos;&#10;Driver info: org.openqa.selenium.remote.RemoteWebDriver&#10;Capabilities {acceptInsecureCerts: false, browserName: chrome, browserVersion: 81.0.4044.138, chrome: {chromedriverVersion: 80.0.3987.106 (f68069574609..., userDataDir: C:\Users\Abhi\AppData\Local...}, goog:chromeOptions: {debuggerAddress: localhost:63597}, javascriptEnabled: true, networkConnectionEnabled: false, pageLoadStrategy: normal, platform: WINDOWS, platformName: WINDOWS, proxy: Proxy(), setWindowRect: true, strictFileInteractability: false, timeouts: {implicit: 0, pageLoad: 300000, script: 30000}, unhandledPromptBehavior: dismiss and notify}&#10;Session ID: 1f4cddca0644597bd3921579ddbb3537" type="org.openqa.selenium.NoSuchSessionException"><![CDATA[org.openqa.selenium.NoSuchSessionException: 
invalid session id
Build info: version: '4.0.0-alpha-5', revision: 'b3a0d621cc'
System info: host: 'DESKTOP-V123S32', ip: '192.168.1.3', os.name: 'Windows 10', os.arch: 'amd64', os.version: '10.0', java.version: '1.8.0_241'
Driver info: org.openqa.selenium.remote.RemoteWebDriver
Capabilities {acceptInsecureCerts: false, browserName: chrome, browserVersion: 81.0.4044.138, chrome: {chromedriverVersion: 80.0.3987.106 (f68069574609..., userDataDir: C:\Users\Abhi\AppData\Local...}, goog:chromeOptions: {debuggerAddress: localhost:63597}, javascriptEnabled: true, networkConnectionEnabled: false, pageLoadStrategy: normal, platform: WINDOWS, platformName: WINDOWS, proxy: Proxy(), setWindowRect: true, strictFileInteractability: false, timeouts: {implicit: 0, pageLoad: 300000, script: 30000}, unhandledPromptBehavior: dismiss and notify}
Session ID: 1f4cddca0644597bd3921579ddbb3537
	at com.zoho.suite.testcases.creation.CreateTaskTest.createTaskTest(CreateTaskTest.java:41)
]]></failure>
    <system-out><![CDATA[Getting data for createTaskTest
Getting data for createLeadTest
Getting data for loginTest
Got data for createLeadTest
Got data for createTaskTest
Got data for loginTest
@BeforeMethod
@BeforeMethod
@BeforeMethod
CREATETASKTEST
CREATELEADTEST
LOGINTEST
Sun May 24 14-32-48 IST 2020
Sun May 24 14-32-48 IST 2020
D:\Ashish\Workspace\SeleniumRecordings\ZohoPomProj//reports//Sun May 24 14-32-48 IST 2020\screenshots
D:\Ashish\Workspace\SeleniumRecordings\ZohoPomProj//reports//Sun May 24 14-32-48 IST 2020\screenshots
Sun May 24 14-32-48 IST 2020
D:\Ashish\Workspace\SeleniumRecordings\ZohoPomProj//reports//Sun May 24 14-32-48 IST 2020\screenshots
{Username=sachintester.1983@gmail.com, Password=Whizdom@2020, Runmode=Y, PasswordValid=Y, UsernameValid=Y, Browser=Chrome}
{Date=03-06-2020, Subject=Sales Meeting, Runmode=Y, Contact=Simon Morasca, Browser=Chrome}
{LeadName=Gates, Runmode=Y, LeadCompany=Microsoft, Browser=Chrome}
----------ZohoBase Page Consructor-------
----------ZohoBase Page Consructor-------
----------ZohoBase Page Consructor-------
Opening the browser chrome
Opening the browser chrome
Opening the browser chrome
Navigaing to https://zoho.com
URLhttps://zoho.com
Navigaing to https://zoho.com
URLhttps://zoho.com
]]></system-out>
    <system-err><![CDATA[SLF4J: Failed to load class "org.slf4j.impl.StaticLoggerBinder".
SLF4J: Defaulting to no-operation (NOP) logger implementation
SLF4J: See http://www.slf4j.org/codes.html#StaticLoggerBinder for further details.
log4j:WARN No appenders could be found for logger (io.netty.util.internal.logging.InternalLoggerFactory).
log4j:WARN Please initialize the log4j system properly.
May 24, 2020 2:32:55 PM org.openqa.selenium.remote.ProtocolHandshake createSession
INFO: Detected dialect: W3C
May 24, 2020 2:32:57 PM org.openqa.selenium.remote.ProtocolHandshake createSession
INFO: Detected dialect: W3C
May 24, 2020 2:32:57 PM org.openqa.selenium.remote.ProtocolHandshake createSession
INFO: Detected dialect: W3C
]]></system-err>
  </testcase>
  <testcase name="createLeadTest" classname="com.zoho.suite.testcases.creation.CreateLeadTest" time="14.875">
    <failure message="java.io.IOException: Stream closed&#10;Build info: version: &apos;4.0.0-alpha-5&apos;, revision: &apos;b3a0d621cc&apos;&#10;System info: host: &apos;DESKTOP-V123S32&apos;, ip: &apos;192.168.1.3&apos;, os.name: &apos;Windows 10&apos;, os.arch: &apos;amd64&apos;, os.version: &apos;10.0&apos;, java.version: &apos;1.8.0_241&apos;&#10;Driver info: org.openqa.selenium.remote.RemoteWebDriver&#10;Capabilities {acceptInsecureCerts: false, browserName: chrome, browserVersion: 81.0.4044.138, chrome: {chromedriverVersion: 80.0.3987.106 (f68069574609..., userDataDir: C:\Users\Abhi\AppData\Local...}, goog:chromeOptions: {debuggerAddress: localhost:63599}, javascriptEnabled: true, networkConnectionEnabled: false, pageLoadStrategy: normal, platform: WINDOWS, platformName: WINDOWS, proxy: Proxy(), setWindowRect: true, strictFileInteractability: false, timeouts: {implicit: 0, pageLoad: 300000, script: 30000}, unhandledPromptBehavior: dismiss and notify}&#10;Session ID: 71a56d0fd372fa8f4e997fcc8d578054" type="org.openqa.selenium.WebDriverException"><![CDATA[org.openqa.selenium.WebDriverException: 
java.io.IOException: Stream closed
Build info: version: '4.0.0-alpha-5', revision: 'b3a0d621cc'
System info: host: 'DESKTOP-V123S32', ip: '192.168.1.3', os.name: 'Windows 10', os.arch: 'amd64', os.version: '10.0', java.version: '1.8.0_241'
Driver info: org.openqa.selenium.remote.RemoteWebDriver
Capabilities {acceptInsecureCerts: false, browserName: chrome, browserVersion: 81.0.4044.138, chrome: {chromedriverVersion: 80.0.3987.106 (f68069574609..., userDataDir: C:\Users\Abhi\AppData\Local...}, goog:chromeOptions: {debuggerAddress: localhost:63599}, javascriptEnabled: true, networkConnectionEnabled: false, pageLoadStrategy: normal, platform: WINDOWS, platformName: WINDOWS, proxy: Proxy(), setWindowRect: true, strictFileInteractability: false, timeouts: {implicit: 0, pageLoad: 300000, script: 30000}, unhandledPromptBehavior: dismiss and notify}
Session ID: 71a56d0fd372fa8f4e997fcc8d578054
	at com.zoho.suite.testcases.creation.CreateLeadTest.createLeadTest(CreateLeadTest.java:43)
]]></failure>
    <system-out><![CDATA[Navigaing to https://zoho.com
URLhttps://zoho.com
]]></system-out>
  </testcase>
  <testcase name="createLeadTest" classname="com.zoho.suite.testcases.creation.CreateLeadTest" time="0">
    <skipped message="Unable to find handler for (DELETE) /session/71a56d0fd372fa8f4e997fcc8d578054&#10;Build info: version: &apos;4.0.0-alpha-5&apos;, revision: &apos;b3a0d621cc&apos;&#10;System info: host: &apos;DESKTOP-V123S32&apos;, ip: &apos;192.168.1.3&apos;, os.name: &apos;Windows 10&apos;, os.arch: &apos;amd64&apos;, os.version: &apos;10.0&apos;, java.version: &apos;1.8.0_241&apos;&#10;Driver info: org.openqa.selenium.remote.RemoteWebDriver&#10;Capabilities {acceptInsecureCerts: false, browserName: chrome, browserVersion: 81.0.4044.138, chrome: {chromedriverVersion: 80.0.3987.106 (f68069574609..., userDataDir: C:\Users\Abhi\AppData\Local...}, goog:chromeOptions: {debuggerAddress: localhost:63599}, javascriptEnabled: true, networkConnectionEnabled: false, pageLoadStrategy: normal, platform: WINDOWS, platformName: WINDOWS, proxy: Proxy(), setWindowRect: true, strictFileInteractability: false, timeouts: {implicit: 0, pageLoad: 300000, script: 30000}, unhandledPromptBehavior: dismiss and notify}&#10;Session ID: 71a56d0fd372fa8f4e997fcc8d578054"/>
  </testcase>
  <testcase name="quit" classname="com.zoho.suite.testcases.creation.CreateLeadTest" time="14.905">
    <failure message="Unable to find handler for (DELETE) /session/71a56d0fd372fa8f4e997fcc8d578054&#10;Build info: version: &apos;4.0.0-alpha-5&apos;, revision: &apos;b3a0d621cc&apos;&#10;System info: host: &apos;DESKTOP-V123S32&apos;, ip: &apos;192.168.1.3&apos;, os.name: &apos;Windows 10&apos;, os.arch: &apos;amd64&apos;, os.version: &apos;10.0&apos;, java.version: &apos;1.8.0_241&apos;&#10;Driver info: org.openqa.selenium.remote.RemoteWebDriver&#10;Capabilities {acceptInsecureCerts: false, browserName: chrome, browserVersion: 81.0.4044.138, chrome: {chromedriverVersion: 80.0.3987.106 (f68069574609..., userDataDir: C:\Users\Abhi\AppData\Local...}, goog:chromeOptions: {debuggerAddress: localhost:63599}, javascriptEnabled: true, networkConnectionEnabled: false, pageLoadStrategy: normal, platform: WINDOWS, platformName: WINDOWS, proxy: Proxy(), setWindowRect: true, strictFileInteractability: false, timeouts: {implicit: 0, pageLoad: 300000, script: 30000}, unhandledPromptBehavior: dismiss and notify}&#10;Session ID: 71a56d0fd372fa8f4e997fcc8d578054" type="org.openqa.selenium.UnsupportedCommandException"><![CDATA[org.openqa.selenium.UnsupportedCommandException: 
Unable to find handler for (DELETE) /session/71a56d0fd372fa8f4e997fcc8d578054
Build info: version: '4.0.0-alpha-5', revision: 'b3a0d621cc'
System info: host: 'DESKTOP-V123S32', ip: '192.168.1.3', os.name: 'Windows 10', os.arch: 'amd64', os.version: '10.0', java.version: '1.8.0_241'
Driver info: org.openqa.selenium.remote.RemoteWebDriver
Capabilities {acceptInsecureCerts: false, browserName: chrome, browserVersion: 81.0.4044.138, chrome: {chromedriverVersion: 80.0.3987.106 (f68069574609..., userDataDir: C:\Users\Abhi\AppData\Local...}, goog:chromeOptions: {debuggerAddress: localhost:63599}, javascriptEnabled: true, networkConnectionEnabled: false, pageLoadStrategy: normal, platform: WINDOWS, platformName: WINDOWS, proxy: Proxy(), setWindowRect: true, strictFileInteractability: false, timeouts: {implicit: 0, pageLoad: 300000, script: 30000}, unhandledPromptBehavior: dismiss and notify}
Session ID: 71a56d0fd372fa8f4e997fcc8d578054
]]></failure>
  </testcase>
  <testcase name="quit" classname="com.zoho.suite.testcases.creation.CreateLeadTest" time="0">
    <skipped/>
  </testcase>
  <testcase name="init" classname="com.zoho.suite.testcases.creation.CreateLeadTest" time="0">
    <skipped/>
  </testcase>
  <testcase name="loginTest" classname="com.zoho.suite.testcases.login.LoginTest" time="6.571">
    <failure message="The following asserts failed:&#10;	Text not Matching. Got text as Your Life&apos;s Work, Powered By Our Life&apos;s Work" type="java.lang.AssertionError"><![CDATA[java.lang.AssertionError: 
The following asserts failed:
	Text not Matching. Got text as Your Life's Work, Powered By Our Life's Work
	at com.zoho.suite.testcases.login.LoginTest.loginTest(LoginTest.java:96)
]]></failure>
    <system-out><![CDATA[----------ZohoBase Page Consructor-------
Expedted Title Zoho - Cloud Software Suite and SaaS Applications for Businesses
Actual Title Zoho - Cloud Software Suite and SaaS Applications for Businesses
validateText
Actual Text {Your Life's Work, Powered By Our Life's Work}. Expected Text {ABC}
Failing Text not Matching. Got text as Your Life's Work, Powered By Our Life's Work
Going to username page
----------ZohoBase Page Consructor-------
complete
0
Element found success fully By.id: password
presencePassField true
----------ZohoBase Page Consructor-------
Submitting Password
complete
0
----------ZohoBase Page Consructor-------
Password submitted
]]></system-out>
  </testcase>
  <testcase name="loginTest" classname="com.zoho.suite.testcases.login.LoginTest" time="0">
    <skipped message="Skipping the test as Runmode was NO"/>
    <system-out><![CDATA[@BeforeMethod
LOGINTEST
{Username=sachintester.1983@gmail.com, Password=Whizdom@2020, Runmode=N, PasswordValid=Y, UsernameValid=Y, Browser=Mozilla}
]]></system-out>
  </testcase>
  <testcase name="loginTest" classname="com.zoho.suite.testcases.login.LoginTest" time="0">
    <skipped message="Skipping the test as Runmode was NO"/>
    <system-out><![CDATA[@BeforeMethod
LOGINTEST
{Username=xxxxxxxx, Password=, Runmode=N, PasswordValid=, UsernameValid=N, Browser=Chrome}
]]></system-out>
  </testcase>
</testsuite>