<?xml version="1.0" encoding="UTF-8"?>
<!-- Generated by org.testng.reporters.JUnitXMLReporter -->
<testsuite hostname="DESKTOP-V123S32" ignored="0" name="Login Test" tests="3" failures="1" timestamp="2020-05-24T14:33:10 IST" time="22.498" errors="0">
  <testcase name="loginTest" time="21.478" classname="com.zoho.suite.testcases.login.LoginTest">
    <failure type="java.lang.AssertionError" message="The following asserts failed:
	Text not Matching. Got text as Your Life&amp;apos;s Work, Powered By Our Life&amp;apos;s Work">
      <![CDATA[java.lang.AssertionError: The following asserts failed:
Text not Matching. Got text as Your Life's Work, Powered By Our Life's Work
at com.zoho.web.ZohoValidationDriver.assertAll(ZohoValidationDriver.java:96)
at com.zoho.session.ZohoTestSession.end(ZohoTestSession.java:58)
at com.zoho.suite.testcases.login.LoginTest.loginTest(LoginTest.java:96)
at java.util.ArrayList.forEach(ArrayList.java:1257)
at java.util.concurrent.FutureTask.run(FutureTask.java:266)
at java.util.concurrent.ThreadPoolExecutor.runWorker(ThreadPoolExecutor.java:1149)
at java.util.concurrent.ThreadPoolExecutor$Worker.run(ThreadPoolExecutor.java:624)
at java.lang.Thread.run(Thread.java:748)
... Removed 20 stack frames]]>
    </failure>
  </testcase> <!-- loginTest -->
  <testcase name="loginTest" time="0.002" classname="com.zoho.suite.testcases.login.LoginTest">
    <skipped/>
  </testcase> <!-- loginTest -->
  <testcase name="loginTest" time="0.001" classname="com.zoho.suite.testcases.login.LoginTest">
    <skipped/>
  </testcase> <!-- loginTest -->
</testsuite> <!-- Login Test -->
